Connect success!
'ObjectInitialization': Level successfully loaded
'ObjectInitialization': Object Boxs successfully initialized
5:2 5:5 
'ObjectInitialization': Object Endpoints successfully initialized
6:2 6:5 
'ObjectInitialization': Object Player successfully initialized
6:4 
-1 -1 -1 -1 -1 -1 -1 -1 -1 -1 
-1 -1 -1 -1 -1 -1 -1 -1 -1 -1 
-1 -1 -1 -1 -1 -1 -1 -1 -1 -1 
-1  1  1  1  1  1  1  1  1 -1 
-1  1  0  0  0  0  0  0  1 -1 
-1  1  2  0  0  2  1  1  1 -1 
-1  1  3  0  4  3  0  0  1 -1 
-1  1  1  1  1  1  1  1  1 -1 
-1 -1 -1 -1 -1 -1 -1 -1 -1 -1 
-1 -1 -1 -1 -1 -1 -1 -1 -1 -1 

-1 -1 -1 -1 -1 -1 -1 -1 -1 -1 
-1 -1 -1 -1 -1 -1 -1 -1 -1 -1 
-1 -1 -1 -1 -1 -1 -1 -1 -1 -1 
-1  1  1  1  1  1  1  1  1 -1 
-1  1  0  0  0  0  0  0  1 -1 
-1  1  2  0  0  2  1  1  1 -1 
-1  1  3  0  4  3  0  0  1 -1 
-1  1  1  1  1  1  1  1  1 -1 
-1 -1 -1 -1 -1 -1 -1 -1 -1 -1 
-1 -1 -1 -1 -1 -1 -1 -1 -1 -1 

